0 info it worked if it ends with ok
1 verbose cli [ '/Users/chrisroe-Anow/.nvm/versions/node/v5.9.0/bin/node',
1 verbose cli   '/Users/chrisroe-Anow/.nvm/versions/node/v5.9.0/bin/npm',
1 verbose cli   'run',
1 verbose cli   'build' ]
2 info using npm@3.7.3
3 info using node@v5.9.0
4 verbose run-script [ 'prebuild', 'build', 'postbuild' ]
5 info lifecycle pugsqueezers.ca@0.0.1~prebuild: pugsqueezers.ca@0.0.1
6 silly lifecycle pugsqueezers.ca@0.0.1~prebuild: no script for prebuild, continuing
7 info lifecycle pugsqueezers.ca@0.0.1~build: pugsqueezers.ca@0.0.1
8 verbose lifecycle pugsqueezers.ca@0.0.1~build: unsafe-perm in lifecycle true
9 verbose lifecycle pugsqueezers.ca@0.0.1~build: PATH: /Users/chrisroe-Anow/.nvm/versions/node/v5.9.0/lib/node_modules/npm/bin/node-gyp-bin:/Users/chrisroe-Anow/Workspaces/Personal/dijitalmunky.github.io/node_modules/.bin:/Users/chrisroe-Anow/.nvm/versions/node/v5.9.0/bin:/Users/chrisroe-Anow/.nvm/versions/node/v5.9.0/bin:/Users/chrisroe-Anow/Workspaces/Go/bin:/usr/local/bin:/usr/bin:/bin:/usr/sbin:/sbin:/opt/X11/bin:/usr/local/bin:/usr/bin:/bin:/usr/sbin:/sbin:/opt/X11/bin:/usr/local/go/bin
10 verbose lifecycle pugsqueezers.ca@0.0.1~build: CWD: /Users/chrisroe-Anow/Workspaces/Personal/dijitalmunky.github.io
11 silly lifecycle pugsqueezers.ca@0.0.1~build: Args: [ '-c', 'metalsmith' ]
12 silly lifecycle pugsqueezers.ca@0.0.1~build: Returned: code: 1  signal: null
13 info lifecycle pugsqueezers.ca@0.0.1~build: Failed to exec build script
14 verbose stack Error: pugsqueezers.ca@0.0.1 build: `metalsmith`
14 verbose stack Exit status 1
14 verbose stack     at EventEmitter.<anonymous> (/Users/chrisroe-Anow/.nvm/versions/node/v5.9.0/lib/node_modules/npm/lib/utils/lifecycle.js:239:16)
14 verbose stack     at emitTwo (events.js:100:13)
14 verbose stack     at EventEmitter.emit (events.js:185:7)
14 verbose stack     at ChildProcess.<anonymous> (/Users/chrisroe-Anow/.nvm/versions/node/v5.9.0/lib/node_modules/npm/lib/utils/spawn.js:24:14)
14 verbose stack     at emitTwo (events.js:100:13)
14 verbose stack     at ChildProcess.emit (events.js:185:7)
14 verbose stack     at maybeClose (internal/child_process.js:850:16)
14 verbose stack     at Process.ChildProcess._handle.onexit (internal/child_process.js:215:5)
15 verbose pkgid pugsqueezers.ca@0.0.1
16 verbose cwd /Users/chrisroe-Anow/Workspaces/Personal/dijitalmunky.github.io
17 error Darwin 15.3.0
18 error argv "/Users/chrisroe-Anow/.nvm/versions/node/v5.9.0/bin/node" "/Users/chrisroe-Anow/.nvm/versions/node/v5.9.0/bin/npm" "run" "build"
19 error node v5.9.0
20 error npm  v3.7.3
21 error code ELIFECYCLE
22 error pugsqueezers.ca@0.0.1 build: `metalsmith`
22 error Exit status 1
23 error Failed at the pugsqueezers.ca@0.0.1 build script 'metalsmith'.
23 error Make sure you have the latest version of node.js and npm installed.
23 error If you do, this is most likely a problem with the pugsqueezers.ca package,
23 error not with npm itself.
23 error Tell the author that this fails on your system:
23 error     metalsmith
23 error You can get information on how to open an issue for this project with:
23 error     npm bugs pugsqueezers.ca
23 error Or if that isn't available, you can get their info via:
23 error     npm owner ls pugsqueezers.ca
23 error There is likely additional logging output above.
24 verbose exit [ 1, true ]
